This file contains any messages produced by compilers while
running configure, to aid debugging if configure makes a mistake.

It was created by SYSeg configure 1.0.0-beta, which was
generated by GNU Autoconf 2.72.  Invocation command line was

  $ ./configure

## --------- ##
## Platform. ##
## --------- ##

hostname = felipe-550xda
uname -m = x86_64
uname -r = 6.9.5-1-MANJARO
uname -s = Linux
uname -v = #1 SMP PREEMPT_DYNAMIC Wed Jun 19 19:07:41 UTC 2024

/usr/bin/uname -p = unknown
/bin/uname -X     = unknown

/bin/arch              = unknown
/usr/bin/arch -k       = unknown
/usr/convex/getsysinfo = unknown
/usr/bin/hostinfo      = unknown
/bin/machine           = unknown
/usr/bin/oslevel       = unknown
/bin/universe          = unknown

PATH: /home/fda-tome/.juliaup/bin/
PATH: /home/fda-tome/.juliaup/bin/
PATH: /home/fda-tome/.local/bin/
PATH: /usr/local/sbin/
PATH: /usr/local/bin/
PATH: /usr/bin/
PATH: /home/fda-tome/.local/share/flatpak/exports/bin/
PATH: /var/lib/flatpak/exports/bin/
PATH: /usr/bin/site_perl/
PATH: /usr/bin/vendor_perl/
PATH: /usr/bin/core_perl/
PATH: /var/lib/snapd/snap/bin/


## ----------- ##
## Core tests. ##
## ----------- ##

configure:2673: looking for aux files: config.guess config.sub ltmain.sh ar-lib compile missing install-sh
configure:2686:  trying ./build-aux/
configure:2715:   ./build-aux/config.guess found
configure:2715:   ./build-aux/config.sub found
configure:2715:   ./build-aux/ltmain.sh found
configure:2715:   ./build-aux/ar-lib found
configure:2715:   ./build-aux/compile found
configure:2715:   ./build-aux/missing found
configure:2697:   ./build-aux/install-sh found
configure:2850: checking for a BSD-compatible install
configure:2924: result: /usr/bin/install -c
configure:2935: checking whether build environment is sane
configure:2990: result: yes
configure:3151: checking for a race-free mkdir -p
configure:3194: result: /usr/bin/mkdir -p
configure:3201: checking for gawk
configure:3222: found /usr/bin/gawk
configure:3234: result: gawk
configure:3245: checking whether make sets $(MAKE)
configure:3269: result: yes
configure:3299: checking whether make supports nested variables
configure:3318: result: yes
configure:3517: checking for gcc
configure:3538: found /usr/bin/gcc
configure:3550: result: gcc
configure:3909: checking for C compiler version
configure:3918: gcc --version >&5
gcc (GCC) 14.1.1 20240522
Copyright (C) 2024 Free Software Foundation, Inc.
This is free software; see the source for copying conditions.  There is NO
warranty; not even for MERCHANTABILITY or FITNESS FOR A PARTICULAR PURPOSE.

configure:3929: $? = 0
configure:3918: gcc -v >&5
Using built-in specs.
COLLECT_GCC=gcc
COLLECT_LTO_WRAPPER=/usr/lib/gcc/x86_64-pc-linux-gnu/14.1.1/lto-wrapper
Target: x86_64-pc-linux-gnu
Configured with: /build/gcc/src/gcc/configure --enable-languages=ada,c,c++,d,fortran,go,lto,m2,objc,obj-c++,rust --enable-bootstrap --prefix=/usr --libdir=/usr/lib --libexecdir=/usr/lib --mandir=/usr/share/man --infodir=/usr/share/info --with-bugurl=https://gitlab.archlinux.org/archlinux/packaging/packages/gcc/-/issues --with-build-config=bootstrap-lto --with-linker-hash-style=gnu --with-system-zlib --enable-__cxa_atexit --enable-cet=auto --enable-checking=release --enable-clocale=gnu --enable-default-pie --enable-default-ssp --enable-gnu-indirect-function --enable-gnu-unique-object --enable-libstdcxx-backtrace --enable-link-serialization=1 --enable-linker-build-id --enable-lto --enable-multilib --enable-plugin --enable-shared --enable-threads=posix --disable-libssp --disable-libstdcxx-pch --disable-werror
Thread model: posix
Supported LTO compression algorithms: zlib zstd
gcc version 14.1.1 20240522 (GCC) 
configure:3929: $? = 0
configure:3918: gcc -V >&5
gcc: error: unrecognized command-line option '-V'
gcc: fatal error: no input files
compilation terminated.
configure:3929: $? = 1
configure:3918: gcc -qversion >&5
gcc: error: unrecognized command-line option '-qversion'; did you mean '--version'?
gcc: fatal error: no input files
compilation terminated.
configure:3929: $? = 1
configure:3918: gcc -version >&5
gcc: error: unrecognized command-line option '-version'
gcc: fatal error: no input files
compilation terminated.
configure:3929: $? = 1
configure:3949: checking whether the C compiler works
configure:3971: gcc    conftest.c  >&5
configure:3975: $? = 0
configure:4026: result: yes
configure:4030: checking for C compiler default output file name
configure:4032: result: a.out
configure:4038: checking for suffix of executables
configure:4045: gcc -o conftest    conftest.c  >&5
configure:4049: $? = 0
configure:4073: result: 
configure:4097: checking whether we are cross compiling
configure:4105: gcc -o conftest    conftest.c  >&5
configure:4109: $? = 0
configure:4116: ./conftest
configure:4120: $? = 0
configure:4135: result: no
configure:4141: checking for suffix of object files
configure:4164: gcc -c   conftest.c >&5
configure:4168: $? = 0
configure:4192: result: o
configure:4196: checking whether the compiler supports GNU C
configure:4216: gcc -c   conftest.c >&5
configure:4216: $? = 0
configure:4228: result: yes
configure:4239: checking whether gcc accepts -g
configure:4260: gcc -c -g  conftest.c >&5
configure:4260: $? = 0
configure:4307: result: yes
configure:4327: checking for gcc option to enable C11 features
configure:4342: gcc  -c -g -O2  conftest.c >&5
configure:4342: $? = 0
configure:4361: result: none needed
configure:4485: checking whether gcc understands -c and -o together
configure:4508: gcc -c conftest.c -o conftest2.o
configure:4511: $? = 0
configure:4508: gcc -c conftest.c -o conftest2.o
configure:4511: $? = 0
configure:4524: result: yes
configure:4544: checking whether make supports the include directive
configure:4559: make -f confmf.GNU && cat confinc.out
this is the am__doit target
configure:4562: $? = 0
configure:4581: result: yes (GNU style)
configure:4607: checking dependency style of gcc
configure:4720: result: gcc3
configure:4791: checking for ar
configure:4812: found /usr/bin/ar
configure:4824: result: ar
configure:4850: checking the archiver (ar) interface
configure:4867: gcc -c -g -O2  conftest.c >&5
configure:4867: $? = 0
configure:4870: ar cru libconftest.a conftest.o >&5
ar: `u' modifier ignored since `D' is the default (see `U')
configure:4873: $? = 0
configure:4902: result: ar
configure:4954: checking build system type
configure:4970: result: x86_64-pc-linux-gnu
configure:4990: checking host system type
configure:5005: result: x86_64-pc-linux-gnu
configure:5046: checking how to print strings
configure:5073: result: printf
configure:5094: checking for a sed that does not truncate output
configure:5166: result: /usr/bin/sed
configure:5184: checking for grep that handles long lines and -e
configure:5250: result: /usr/bin/grep
configure:5255: checking for egrep
configure:5325: result: /usr/bin/grep -E
configure:5332: checking for fgrep
configure:5402: result: /usr/bin/grep -F
configure:5439: checking for ld used by gcc
configure:5508: result: /usr/bin/ld
configure:5515: checking if the linker (/usr/bin/ld) is GNU ld
configure:5532: result: yes
configure:5544: checking for BSD- or MS-compatible name lister (nm)
configure:5600: result: /usr/bin/nm -B
configure:5742: checking the name lister (/usr/bin/nm -B) interface
configure:5750: gcc -c -g -O2  conftest.c >&5
configure:5753: /usr/bin/nm -B "conftest.o"
configure:5756: output
0000000000000000 B some_variable
configure:5764: result: BSD nm
configure:5767: checking whether ln -s works
configure:5771: result: yes
configure:5779: checking the maximum length of command line arguments
configure:5912: result: 1572864
configure:5960: checking how to convert x86_64-pc-linux-gnu file names to x86_64-pc-linux-gnu format
configure:6002: result: func_convert_file_noop
configure:6009: checking how to convert x86_64-pc-linux-gnu file names to toolchain format
configure:6031: result: func_convert_file_noop
configure:6038: checking for /usr/bin/ld option to reload object files
configure:6047: result: -r
configure:6080: checking for file
configure:6101: found /usr/bin/file
configure:6113: result: :
configure:6176: checking for objdump
configure:6197: found /usr/bin/objdump
configure:6209: result: objdump
configure:6241: checking how to recognize dependent libraries
configure:6442: result: pass_all
configure:6533: checking for dlltool
configure:6569: result: no
configure:6599: checking how to associate runtime and link libraries
configure:6628: result: printf %s\n
configure:6780: checking for archiver @FILE support
configure:6798: gcc -c -g -O2  conftest.c >&5
configure:6798: $? = 0
configure:6802: ar cr libconftest.a @conftest.lst >&5
configure:6805: $? = 0
configure:6810: ar cr libconftest.a @conftest.lst >&5
ar: conftest.o: No such file or directory
configure:6813: $? = 1
configure:6826: result: @
configure:6890: checking for strip
configure:6911: found /usr/bin/strip
configure:6923: result: strip
configure:7001: checking for ranlib
configure:7022: found /usr/bin/ranlib
configure:7034: result: ranlib
configure:7129: checking command to parse /usr/bin/nm -B output from gcc object
configure:7283: gcc -c -g -O2  conftest.c >&5
configure:7286: $? = 0
configure:7290: /usr/bin/nm -B conftest.o \| /usr/bin/sed -n -e 's/^.*[ ]\([ABCDGIRSTW][ABCDGIRSTW]*\)[ ][ ]*\([_A-Za-z][_A-Za-z0-9]*\)$/\1 \2 \2/p' | /usr/bin/sed '/ __gnu_lto/d' \> conftest.nm
configure:7293: $? = 0
configure:7359: gcc -o conftest -g -O2   conftest.c conftstm.o >&5
configure:7362: $? = 0
configure:7401: result: ok
configure:7448: checking for sysroot
configure:7482: result: no
configure:7489: checking for a working dd
configure:7534: result: /usr/bin/dd
configure:7538: checking how to truncate binary pipes
configure:7555: result: /usr/bin/dd bs=4096 count=1
configure:7692: gcc -c -g -O2  conftest.c >&5
configure:7695: $? = 0
configure:7895: checking for mt
configure:7931: result: no
configure:7951: checking if : is a manifest tool
configure:7958: : '-?'
configure:7967: result: no
configure:8706: checking for stdio.h
configure:8706: gcc -c -g -O2  conftest.c >&5
configure:8706: $? = 0
configure:8706: result: yes
configure:8706: checking for stdlib.h
configure:8706: gcc -c -g -O2  conftest.c >&5
configure:8706: $? = 0
configure:8706: result: yes
configure:8706: checking for string.h
configure:8706: gcc -c -g -O2  conftest.c >&5
configure:8706: $? = 0
configure:8706: result: yes
configure:8706: checking for inttypes.h
configure:8706: gcc -c -g -O2  conftest.c >&5
configure:8706: $? = 0
configure:8706: result: yes
configure:8706: checking for stdint.h
configure:8706: gcc -c -g -O2  conftest.c >&5
configure:8706: $? = 0
configure:8706: result: yes
configure:8706: checking for strings.h
configure:8706: gcc -c -g -O2  conftest.c >&5
configure:8706: $? = 0
configure:8706: result: yes
configure:8706: checking for sys/stat.h
configure:8706: gcc -c -g -O2  conftest.c >&5
configure:8706: $? = 0
configure:8706: result: yes
configure:8706: checking for sys/types.h
configure:8706: gcc -c -g -O2  conftest.c >&5
configure:8706: $? = 0
configure:8706: result: yes
configure:8706: checking for unistd.h
configure:8706: gcc -c -g -O2  conftest.c >&5
configure:8706: $? = 0
configure:8706: result: yes
configure:8731: checking for dlfcn.h
configure:8731: gcc -c -g -O2  conftest.c >&5
configure:8731: $? = 0
configure:8731: result: yes
configure:8996: checking for objdir
configure:9013: result: .libs
configure:9279: checking if gcc supports -fno-rtti -fno-exceptions
configure:9298: gcc -c -g -O2  -fno-rtti -fno-exceptions conftest.c >&5
cc1: warning: command-line option '-fno-rtti' is valid for C++/D/ObjC++ but not for C
configure:9302: $? = 0
configure:9316: result: no
configure:9680: checking for gcc option to produce PIC
configure:9689: result: -fPIC -DPIC
configure:9697: checking if gcc PIC flag -fPIC -DPIC works
configure:9716: gcc -c -g -O2  -fPIC -DPIC -DPIC conftest.c >&5
configure:9720: $? = 0
configure:9734: result: yes
configure:9763: checking if gcc static flag -static works
configure:9793: result: yes
configure:9808: checking if gcc supports -c -o file.o
configure:9830: gcc -c -g -O2  -o out/conftest2.o conftest.c >&5
configure:9834: $? = 0
configure:9857: result: yes
configure:9865: checking if gcc supports -c -o file.o
configure:9914: result: yes
configure:9947: checking whether the gcc linker (/usr/bin/ld) supports shared libraries
configure:11220: result: yes
configure:11257: checking whether -lc should be explicitly linked in
configure:11266: gcc -c -g -O2  conftest.c >&5
configure:11269: $? = 0
configure:11284: gcc -shared  -fPIC -DPIC conftest.o  -v -Wl,-soname -Wl,conftest -o conftest 2\>\&1 \| /usr/bin/grep  -lc  \>/dev/null 2\>\&1
configure:11287: $? = 0
configure:11302: result: no
configure:11462: checking dynamic linker characteristics
configure:12045: gcc -o conftest -g -O2   -Wl,-rpath -Wl,/foo conftest.c  >&5
configure:12045: $? = 0
configure:12285: result: GNU/Linux ld.so
configure:12407: checking how to hardcode library paths into programs
configure:12432: result: immediate
configure:13032: checking whether stripping libraries is possible
configure:13041: result: yes
configure:13083: checking if libtool supports shared libraries
configure:13085: result: yes
configure:13088: checking whether to build shared libraries
configure:13113: result: yes
configure:13116: checking whether to build static libraries
configure:13120: result: yes
configure:13168: checking for C compiler vendor
configure:13227: gcc -c -g -O2  conftest.c >&5
conftest.c: In function 'main':
conftest.c:29:7: error: 'thisisanerror' undeclared (first use in this function)
   29 |       thisisanerror;
      |       ^~~~~~~~~~~~~
conftest.c:29:7: note: each undeclared identifier is reported only once for each function it appears in
configure:13227: $? = 1
configure: failed program was:
| /* confdefs.h */
| #define PACKAGE_NAME "SYSeg"
| #define PACKAGE_TARNAME "syseg"
| #define PACKAGE_VERSION "1.0.0-beta"
| #define PACKAGE_STRING "SYSeg 1.0.0-beta"
| #define PACKAGE_BUGREPORT "monaco@usp.br"
| #define PACKAGE_URL ""
| #define PACKAGE "syseg"
| #define VERSION "1.0.0-beta"
| #define HAVE_STDIO_H 1
| #define HAVE_STDLIB_H 1
| #define HAVE_STRING_H 1
| #define HAVE_INTTYPES_H 1
| #define HAVE_STDINT_H 1
| #define HAVE_STRINGS_H 1
| #define HAVE_SYS_STAT_H 1
| #define HAVE_SYS_TYPES_H 1
| #define HAVE_UNISTD_H 1
| #define STDC_HEADERS 1
| #define HAVE_DLFCN_H 1
| #define LT_OBJDIR ".libs/"
| /* end confdefs.h.  */
| 
| int
| main (void)
| {
| 
| #if !(defined(__ICC) || defined(__ECC) || defined(__INTEL_COMPILER))
|       thisisanerror;
| #endif
| 
|   ;
|   return 0;
| }
configure:13227: gcc -c -g -O2  conftest.c >&5
conftest.c: In function 'main':
conftest.c:29:7: error: 'thisisanerror' undeclared (first use in this function)
   29 |       thisisanerror;
      |       ^~~~~~~~~~~~~
conftest.c:29:7: note: each undeclared identifier is reported only once for each function it appears in
configure:13227: $? = 1
configure: failed program was:
| /* confdefs.h */
| #define PACKAGE_NAME "SYSeg"
| #define PACKAGE_TARNAME "syseg"
| #define PACKAGE_VERSION "1.0.0-beta"
| #define PACKAGE_STRING "SYSeg 1.0.0-beta"
| #define PACKAGE_BUGREPORT "monaco@usp.br"
| #define PACKAGE_URL ""
| #define PACKAGE "syseg"
| #define VERSION "1.0.0-beta"
| #define HAVE_STDIO_H 1
| #define HAVE_STDLIB_H 1
| #define HAVE_STRING_H 1
| #define HAVE_INTTYPES_H 1
| #define HAVE_STDINT_H 1
| #define HAVE_STRINGS_H 1
| #define HAVE_SYS_STAT_H 1
| #define HAVE_SYS_TYPES_H 1
| #define HAVE_UNISTD_H 1
| #define STDC_HEADERS 1
| #define HAVE_DLFCN_H 1
| #define LT_OBJDIR ".libs/"
| /* end confdefs.h.  */
| 
| int
| main (void)
| {
| 
| #if !(defined(__xlc__) || defined(__xlC__) || defined(__IBMC__) || defined(__IBMCPP__) || defined(__ibmxl__))
|       thisisanerror;
| #endif
| 
|   ;
|   return 0;
| }
configure:13227: gcc -c -g -O2  conftest.c >&5
conftest.c: In function 'main':
conftest.c:29:7: error: 'thisisanerror' undeclared (first use in this function)
   29 |       thisisanerror;
      |       ^~~~~~~~~~~~~
conftest.c:29:7: note: each undeclared identifier is reported only once for each function it appears in
configure:13227: $? = 1
configure: failed program was:
| /* confdefs.h */
| #define PACKAGE_NAME "SYSeg"
| #define PACKAGE_TARNAME "syseg"
| #define PACKAGE_VERSION "1.0.0-beta"
| #define PACKAGE_STRING "SYSeg 1.0.0-beta"
| #define PACKAGE_BUGREPORT "monaco@usp.br"
| #define PACKAGE_URL ""
| #define PACKAGE "syseg"
| #define VERSION "1.0.0-beta"
| #define HAVE_STDIO_H 1
| #define HAVE_STDLIB_H 1
| #define HAVE_STRING_H 1
| #define HAVE_INTTYPES_H 1
| #define HAVE_STDINT_H 1
| #define HAVE_STRINGS_H 1
| #define HAVE_SYS_STAT_H 1
| #define HAVE_SYS_TYPES_H 1
| #define HAVE_UNISTD_H 1
| #define STDC_HEADERS 1
| #define HAVE_DLFCN_H 1
| #define LT_OBJDIR ".libs/"
| /* end confdefs.h.  */
| 
| int
| main (void)
| {
| 
| #if !(defined(__PATHCC__) || defined(__PATHSCALE__))
|       thisisanerror;
| #endif
| 
|   ;
|   return 0;
| }
configure:13227: gcc -c -g -O2  conftest.c >&5
conftest.c: In function 'main':
conftest.c:29:7: error: 'thisisanerror' undeclared (first use in this function)
   29 |       thisisanerror;
      |       ^~~~~~~~~~~~~
conftest.c:29:7: note: each undeclared identifier is reported only once for each function it appears in
configure:13227: $? = 1
configure: failed program was:
| /* confdefs.h */
| #define PACKAGE_NAME "SYSeg"
| #define PACKAGE_TARNAME "syseg"
| #define PACKAGE_VERSION "1.0.0-beta"
| #define PACKAGE_STRING "SYSeg 1.0.0-beta"
| #define PACKAGE_BUGREPORT "monaco@usp.br"
| #define PACKAGE_URL ""
| #define PACKAGE "syseg"
| #define VERSION "1.0.0-beta"
| #define HAVE_STDIO_H 1
| #define HAVE_STDLIB_H 1
| #define HAVE_STRING_H 1
| #define HAVE_INTTYPES_H 1
| #define HAVE_STDINT_H 1
| #define HAVE_STRINGS_H 1
| #define HAVE_SYS_STAT_H 1
| #define HAVE_SYS_TYPES_H 1
| #define HAVE_UNISTD_H 1
| #define STDC_HEADERS 1
| #define HAVE_DLFCN_H 1
| #define LT_OBJDIR ".libs/"
| /* end confdefs.h.  */
| 
| int
| main (void)
| {
| 
| #if !(defined(__clang__))
|       thisisanerror;
| #endif
| 
|   ;
|   return 0;
| }
configure:13227: gcc -c -g -O2  conftest.c >&5
conftest.c: In function 'main':
conftest.c:29:7: error: 'thisisanerror' undeclared (first use in this function)
   29 |       thisisanerror;
      |       ^~~~~~~~~~~~~
conftest.c:29:7: note: each undeclared identifier is reported only once for each function it appears in
configure:13227: $? = 1
configure: failed program was:
| /* confdefs.h */
| #define PACKAGE_NAME "SYSeg"
| #define PACKAGE_TARNAME "syseg"
| #define PACKAGE_VERSION "1.0.0-beta"
| #define PACKAGE_STRING "SYSeg 1.0.0-beta"
| #define PACKAGE_BUGREPORT "monaco@usp.br"
| #define PACKAGE_URL ""
| #define PACKAGE "syseg"
| #define VERSION "1.0.0-beta"
| #define HAVE_STDIO_H 1
| #define HAVE_STDLIB_H 1
| #define HAVE_STRING_H 1
| #define HAVE_INTTYPES_H 1
| #define HAVE_STDINT_H 1
| #define HAVE_STRINGS_H 1
| #define HAVE_SYS_STAT_H 1
| #define HAVE_SYS_TYPES_H 1
| #define HAVE_UNISTD_H 1
| #define STDC_HEADERS 1
| #define HAVE_DLFCN_H 1
| #define LT_OBJDIR ".libs/"
| /* end confdefs.h.  */
| 
| int
| main (void)
| {
| 
| #if !(defined(_CRAYC))
|       thisisanerror;
| #endif
| 
|   ;
|   return 0;
| }
configure:13227: gcc -c -g -O2  conftest.c >&5
conftest.c: In function 'main':
conftest.c:29:7: error: 'thisisanerror' undeclared (first use in this function)
   29 |       thisisanerror;
      |       ^~~~~~~~~~~~~
conftest.c:29:7: note: each undeclared identifier is reported only once for each function it appears in
configure:13227: $? = 1
configure: failed program was:
| /* confdefs.h */
| #define PACKAGE_NAME "SYSeg"
| #define PACKAGE_TARNAME "syseg"
| #define PACKAGE_VERSION "1.0.0-beta"
| #define PACKAGE_STRING "SYSeg 1.0.0-beta"
| #define PACKAGE_BUGREPORT "monaco@usp.br"
| #define PACKAGE_URL ""
| #define PACKAGE "syseg"
| #define VERSION "1.0.0-beta"
| #define HAVE_STDIO_H 1
| #define HAVE_STDLIB_H 1
| #define HAVE_STRING_H 1
| #define HAVE_INTTYPES_H 1
| #define HAVE_STDINT_H 1
| #define HAVE_STRINGS_H 1
| #define HAVE_SYS_STAT_H 1
| #define HAVE_SYS_TYPES_H 1
| #define HAVE_UNISTD_H 1
| #define STDC_HEADERS 1
| #define HAVE_DLFCN_H 1
| #define LT_OBJDIR ".libs/"
| /* end confdefs.h.  */
| 
| int
| main (void)
| {
| 
| #if !(defined(__FUJITSU))
|       thisisanerror;
| #endif
| 
|   ;
|   return 0;
| }
configure:13227: gcc -c -g -O2  conftest.c >&5
conftest.c: In function 'main':
conftest.c:29:7: error: 'thisisanerror' undeclared (first use in this function)
   29 |       thisisanerror;
      |       ^~~~~~~~~~~~~
conftest.c:29:7: note: each undeclared identifier is reported only once for each function it appears in
configure:13227: $? = 1
configure: failed program was:
| /* confdefs.h */
| #define PACKAGE_NAME "SYSeg"
| #define PACKAGE_TARNAME "syseg"
| #define PACKAGE_VERSION "1.0.0-beta"
| #define PACKAGE_STRING "SYSeg 1.0.0-beta"
| #define PACKAGE_BUGREPORT "monaco@usp.br"
| #define PACKAGE_URL ""
| #define PACKAGE "syseg"
| #define VERSION "1.0.0-beta"
| #define HAVE_STDIO_H 1
| #define HAVE_STDLIB_H 1
| #define HAVE_STRING_H 1
| #define HAVE_INTTYPES_H 1
| #define HAVE_STDINT_H 1
| #define HAVE_STRINGS_H 1
| #define HAVE_SYS_STAT_H 1
| #define HAVE_SYS_TYPES_H 1
| #define HAVE_UNISTD_H 1
| #define STDC_HEADERS 1
| #define HAVE_DLFCN_H 1
| #define LT_OBJDIR ".libs/"
| /* end confdefs.h.  */
| 
| int
| main (void)
| {
| 
| #if !(defined(SDCC) || defined(__SDCC))
|       thisisanerror;
| #endif
| 
|   ;
|   return 0;
| }
configure:13227: gcc -c -g -O2  conftest.c >&5
conftest.c: In function 'main':
conftest.c:29:7: error: 'thisisanerror' undeclared (first use in this function)
   29 |       thisisanerror;
      |       ^~~~~~~~~~~~~
conftest.c:29:7: note: each undeclared identifier is reported only once for each function it appears in
configure:13227: $? = 1
configure: failed program was:
| /* confdefs.h */
| #define PACKAGE_NAME "SYSeg"
| #define PACKAGE_TARNAME "syseg"
| #define PACKAGE_VERSION "1.0.0-beta"
| #define PACKAGE_STRING "SYSeg 1.0.0-beta"
| #define PACKAGE_BUGREPORT "monaco@usp.br"
| #define PACKAGE_URL ""
| #define PACKAGE "syseg"
| #define VERSION "1.0.0-beta"
| #define HAVE_STDIO_H 1
| #define HAVE_STDLIB_H 1
| #define HAVE_STRING_H 1
| #define HAVE_INTTYPES_H 1
| #define HAVE_STDINT_H 1
| #define HAVE_STRINGS_H 1
| #define HAVE_SYS_STAT_H 1
| #define HAVE_SYS_TYPES_H 1
| #define HAVE_UNISTD_H 1
| #define STDC_HEADERS 1
| #define HAVE_DLFCN_H 1
| #define LT_OBJDIR ".libs/"
| /* end confdefs.h.  */
| 
| int
| main (void)
| {
| 
| #if !(defined(_SX))
|       thisisanerror;
| #endif
| 
|   ;
|   return 0;
| }
configure:13227: gcc -c -g -O2  conftest.c >&5
conftest.c: In function 'main':
conftest.c:29:7: error: 'thisisanerror' undeclared (first use in this function)
   29 |       thisisanerror;
      |       ^~~~~~~~~~~~~
conftest.c:29:7: note: each undeclared identifier is reported only once for each function it appears in
configure:13227: $? = 1
configure: failed program was:
| /* confdefs.h */
| #define PACKAGE_NAME "SYSeg"
| #define PACKAGE_TARNAME "syseg"
| #define PACKAGE_VERSION "1.0.0-beta"
| #define PACKAGE_STRING "SYSeg 1.0.0-beta"
| #define PACKAGE_BUGREPORT "monaco@usp.br"
| #define PACKAGE_URL ""
| #define PACKAGE "syseg"
| #define VERSION "1.0.0-beta"
| #define HAVE_STDIO_H 1
| #define HAVE_STDLIB_H 1
| #define HAVE_STRING_H 1
| #define HAVE_INTTYPES_H 1
| #define HAVE_STDINT_H 1
| #define HAVE_STRINGS_H 1
| #define HAVE_SYS_STAT_H 1
| #define HAVE_SYS_TYPES_H 1
| #define HAVE_UNISTD_H 1
| #define STDC_HEADERS 1
| #define HAVE_DLFCN_H 1
| #define LT_OBJDIR ".libs/"
| /* end confdefs.h.  */
| 
| int
| main (void)
| {
| 
| #if !(defined(__NVCOMPILER))
|       thisisanerror;
| #endif
| 
|   ;
|   return 0;
| }
configure:13227: gcc -c -g -O2  conftest.c >&5
conftest.c: In function 'main':
conftest.c:29:7: error: 'thisisanerror' undeclared (first use in this function)
   29 |       thisisanerror;
      |       ^~~~~~~~~~~~~
conftest.c:29:7: note: each undeclared identifier is reported only once for each function it appears in
configure:13227: $? = 1
configure: failed program was:
| /* confdefs.h */
| #define PACKAGE_NAME "SYSeg"
| #define PACKAGE_TARNAME "syseg"
| #define PACKAGE_VERSION "1.0.0-beta"
| #define PACKAGE_STRING "SYSeg 1.0.0-beta"
| #define PACKAGE_BUGREPORT "monaco@usp.br"
| #define PACKAGE_URL ""
| #define PACKAGE "syseg"
| #define VERSION "1.0.0-beta"
| #define HAVE_STDIO_H 1
| #define HAVE_STDLIB_H 1
| #define HAVE_STRING_H 1
| #define HAVE_INTTYPES_H 1
| #define HAVE_STDINT_H 1
| #define HAVE_STRINGS_H 1
| #define HAVE_SYS_STAT_H 1
| #define HAVE_SYS_TYPES_H 1
| #define HAVE_UNISTD_H 1
| #define STDC_HEADERS 1
| #define HAVE_DLFCN_H 1
| #define LT_OBJDIR ".libs/"
| /* end confdefs.h.  */
| 
| int
| main (void)
| {
| 
| #if !(defined(__PGI))
|       thisisanerror;
| #endif
| 
|   ;
|   return 0;
| }
configure:13227: gcc -c -g -O2  conftest.c >&5
configure:13227: $? = 0
configure:13238: result: gnu
configure:13243: checking for C compiler version
configure:13506: gcc -o conftest -g -O2   conftest.c  >&5
configure:13506: $? = 0
configure:13506: ./conftest
configure:13506: $? = 0
configure:13517: gcc -o conftest -g -O2   conftest.c  >&5
configure:13517: $? = 0
configure:13517: ./conftest
configure:13517: $? = 0
configure:13528: gcc -o conftest -g -O2   conftest.c  >&5
configure:13528: $? = 0
configure:13528: ./conftest
configure:13528: $? = 0
configure:14383: result: 14.1.1
configure:14471: checking whether C compiler accepts -fcf-protection
configure:14491: gcc -c -g -O2  -fcf-protection  conftest.c >&5
configure:14491: $? = 0
configure:14502: result: yes
configure:14544: checking for __attribute__((naked))
configure:14566: gcc -o conftest -g -O2   conftest.c  >&5
configure:14566: $? = 0
configure:14584: result: yes
configure:14638: checking for xorriso
configure:14659: found /usr/bin/xorriso
configure:14671: result: yes
configure:14704: checking for qemu-system-i386
configure:14725: found /usr/bin/qemu-system-i386
configure:14737: result: yes
configure:14770: checking for meld
configure:14791: found /usr/bin/meld
configure:14803: result: yes
configure:14836: checking for objdump
configure:14857: found /usr/bin/objdump
configure:14869: result: yes
configure:14902: checking for readelf
configure:14923: found /usr/bin/readelf
configure:14935: result: yes
configure:14968: checking for nasm
configure:14989: found /usr/bin/nasm
configure:15001: result: yes
configure:15034: checking for git
configure:15055: found /usr/bin/git
configure:15067: result: yes
configure:15096: checking for bash
configure:15117: found /usr/bin/bash
configure:15129: result: yes
configure:15158: checking for m4
configure:15179: found /usr/bin/m4
configure:15191: result: yes
configure:15219: checking whether Git user and e-mail are set
configure:15244: result: yes
configure:15254: checking for pipx
configure:15275: found /usr/bin/pipx
configure:15287: result: yes
configure:15315: checking for /home/fda-tome/.syseg/bin/reuse
configure:15331: result: yes
configure:15378: checking whether build architecture is x86_64
configure:15386: result: yes
configure:15392: checking whether build OS is GNU/Linux
configure:15400: result: yes
configure:15427: checking how to run the C preprocessor
configure:15453: gcc -E  conftest.c
configure:15453: $? = 0
configure:15469: gcc -E  conftest.c
conftest.c:25:10: fatal error: ac_nonexistent.h: No such file or directory
   25 | #include <ac_nonexistent.h>
      |          ^~~~~~~~~~~~~~~~~~
compilation terminated.
configure:15469: $? = 1
configure: failed program was:
| /* confdefs.h */
| #define PACKAGE_NAME "SYSeg"
| #define PACKAGE_TARNAME "syseg"
| #define PACKAGE_VERSION "1.0.0-beta"
| #define PACKAGE_STRING "SYSeg 1.0.0-beta"
| #define PACKAGE_BUGREPORT "monaco@usp.br"
| #define PACKAGE_URL ""
| #define PACKAGE "syseg"
| #define VERSION "1.0.0-beta"
| #define HAVE_STDIO_H 1
| #define HAVE_STDLIB_H 1
| #define HAVE_STRING_H 1
| #define HAVE_INTTYPES_H 1
| #define HAVE_STDINT_H 1
| #define HAVE_STRINGS_H 1
| #define HAVE_SYS_STAT_H 1
| #define HAVE_SYS_TYPES_H 1
| #define HAVE_UNISTD_H 1
| #define STDC_HEADERS 1
| #define HAVE_DLFCN_H 1
| #define LT_OBJDIR ".libs/"
| #define HAVE_FUNC_ATTRIBUTE_NAKED 1
| #define SHORT_NAME syseg
| /* end confdefs.h.  */
| #include <ac_nonexistent.h>
configure:15498: result: gcc -E
configure:15512: gcc -E  conftest.c
configure:15512: $? = 0
configure:15528: gcc -E  conftest.c
conftest.c:25:10: fatal error: ac_nonexistent.h: No such file or directory
   25 | #include <ac_nonexistent.h>
      |          ^~~~~~~~~~~~~~~~~~
compilation terminated.
configure:15528: $? = 1
configure: failed program was:
| /* confdefs.h */
| #define PACKAGE_NAME "SYSeg"
| #define PACKAGE_TARNAME "syseg"
| #define PACKAGE_VERSION "1.0.0-beta"
| #define PACKAGE_STRING "SYSeg 1.0.0-beta"
| #define PACKAGE_BUGREPORT "monaco@usp.br"
| #define PACKAGE_URL ""
| #define PACKAGE "syseg"
| #define VERSION "1.0.0-beta"
| #define HAVE_STDIO_H 1
| #define HAVE_STDLIB_H 1
| #define HAVE_STRING_H 1
| #define HAVE_INTTYPES_H 1
| #define HAVE_STDINT_H 1
| #define HAVE_STRINGS_H 1
| #define HAVE_SYS_STAT_H 1
| #define HAVE_SYS_TYPES_H 1
| #define HAVE_UNISTD_H 1
| #define STDC_HEADERS 1
| #define HAVE_DLFCN_H 1
| #define LT_OBJDIR ".libs/"
| #define HAVE_FUNC_ATTRIBUTE_NAKED 1
| #define SHORT_NAME syseg
| /* end confdefs.h.  */
| #include <ac_nonexistent.h>
configure:15561: checking for egrep -e
configure:15691: result: /usr/bin/grep -E
configure:15861: checking whether gcc is Clang
configure:15889: result: no
configure:15955: checking whether pthreads work with "-pthread" and "-lpthread"
configure:16067: gcc -o conftest -g -O2 -pthread   conftest.c -lpthread  >&5
configure:16067: $? = 0
configure:16077: result: yes
configure:16201: checking for joinable pthread attribute
configure:16220: gcc -o conftest -g -O2 -pthread   conftest.c -lpthread  >&5
configure:16220: $? = 0
configure:16230: result: PTHREAD_CREATE_JOINABLE
configure:16243: checking whether more special flags are required for pthreads
configure:16258: result: no
configure:16267: checking for PTHREAD_PRIO_INHERIT
configure:16285: gcc -o conftest -g -O2 -pthread   conftest.c -lpthread  >&5
configure:16285: $? = 0
configure:16297: result: yes
configure:16581: checking that generated files are newer than configure
configure:16587: result: done
configure:16610: creating ./config.status

## ---------------------- ##
## Running config.status. ##
## ---------------------- ##

This file was extended by SYSeg config.status 1.0.0-beta, which was
generated by GNU Autoconf 2.72.  Invocation command line was

  CONFIG_FILES    = 
  CONFIG_HEADERS  = 
  CONFIG_LINKS    = 
  CONFIG_COMMANDS = 
  $ ./config.status 

on felipe-550xda

config.status:1118: creating Makefile
config.status:1118: creating tools/Makefile
config.status:1118: creating eg/Makefile
config.status:1118: creating extra/Makefile
config.status:1118: creating test/Makefile
config.status:1118: creating try/Makefile
config.status:1118: creating replace/Makefile
config.status:1118: creating config.h
config.status:1299: config.h is unchanged
config.status:1347: executing depfiles commands
config.status:1424: cd tools       && sed -e '/# am--include-marker/d' Makefile         | make -f - am--depfiles
make: Nothing to be done for 'am--depfiles'.
config.status:1429: $? = 0
config.status:1347: executing libtool commands

## ---------------- ##
## Cache variables. ##
## ---------------- ##

ac_cv_build=x86_64-pc-linux-gnu
ac_cv_c_compiler_gnu=yes
ac_cv_env_CC_set=
ac_cv_env_CC_value=
ac_cv_env_CFLAGS_set=
ac_cv_env_CFLAGS_value=
ac_cv_env_CPPFLAGS_set=
ac_cv_env_CPPFLAGS_value=
ac_cv_env_CPP_set=
ac_cv_env_CPP_value=
ac_cv_env_LDFLAGS_set=
ac_cv_env_LDFLAGS_value=
ac_cv_env_LIBS_set=
ac_cv_env_LIBS_value=
ac_cv_env_LT_SYS_LIBRARY_PATH_set=
ac_cv_env_LT_SYS_LIBRARY_PATH_value=
ac_cv_env_build_alias_set=
ac_cv_env_build_alias_value=
ac_cv_env_host_alias_set=
ac_cv_env_host_alias_value=
ac_cv_env_target_alias_set=
ac_cv_env_target_alias_value=
ac_cv_file__home_fda_tome__syseg_bin_reuse=yes
ac_cv_header_dlfcn_h=yes
ac_cv_header_inttypes_h=yes
ac_cv_header_stdint_h=yes
ac_cv_header_stdio_h=yes
ac_cv_header_stdlib_h=yes
ac_cv_header_string_h=yes
ac_cv_header_strings_h=yes
ac_cv_header_sys_stat_h=yes
ac_cv_header_sys_types_h=yes
ac_cv_header_unistd_h=yes
ac_cv_host=x86_64-pc-linux-gnu
ac_cv_objext=o
ac_cv_path_EGREP='/usr/bin/grep -E'
ac_cv_path_EGREP_TRADITIONAL='/usr/bin/grep -E'
ac_cv_path_FGREP='/usr/bin/grep -F'
ac_cv_path_GREP=/usr/bin/grep
ac_cv_path_SED=/usr/bin/sed
ac_cv_path_install='/usr/bin/install -c'
ac_cv_path_lt_DD=/usr/bin/dd
ac_cv_path_mkdir=/usr/bin/mkdir
ac_cv_prog_AWK=gawk
ac_cv_prog_CPP='gcc -E'
ac_cv_prog_FILECMD=:
ac_cv_prog_ac_ct_AR=ar
ac_cv_prog_ac_ct_CC=gcc
ac_cv_prog_ac_ct_OBJDUMP=objdump
ac_cv_prog_ac_ct_RANLIB=ranlib
ac_cv_prog_ac_ct_STRIP=strip
ac_cv_prog_cc_c11=
ac_cv_prog_cc_g=yes
ac_cv_prog_cc_stdc=
ac_cv_prog_has_Bash=yes
ac_cv_prog_has_Git=yes
ac_cv_prog_has_m4=yes
ac_cv_prog_has_meld=yes
ac_cv_prog_has_nasm=yes
ac_cv_prog_has_objdump=yes
ac_cv_prog_has_pipx=yes
ac_cv_prog_has_qemu=yes
ac_cv_prog_has_readelf=yes
ac_cv_prog_has_xorriso=yes
ac_cv_prog_make_make_set=yes
am_cv_CC_dependencies_compiler_type=gcc3
am_cv_ar_interface=ar
am_cv_make_support_nested_variables=yes
am_cv_prog_cc_c_o=yes
ax_cv_PTHREAD_CLANG=no
ax_cv_PTHREAD_JOINABLE_ATTR=PTHREAD_CREATE_JOINABLE
ax_cv_PTHREAD_PRIO_INHERIT=yes
ax_cv_PTHREAD_SPECIAL_FLAGS=no
ax_cv_c_compiler_vendor=gnu
ax_cv_c_compiler_version=14.1.1
ax_cv_check_cflags___fcf_protection=yes
ax_cv_have_func_attribute_naked=yes
lt_cv_ar_at_file=@
lt_cv_archive_cmds_need_lc=no
lt_cv_deplibs_check_method=pass_all
lt_cv_file_magic_cmd='$MAGIC_CMD'
lt_cv_file_magic_test_file=
lt_cv_ld_reload_flag=-r
lt_cv_nm_interface='BSD nm'
lt_cv_objdir=.libs
lt_cv_path_LD=/usr/bin/ld
lt_cv_path_NM='/usr/bin/nm -B'
lt_cv_path_manifest_tool=no
lt_cv_prog_compiler_c_o=yes
lt_cv_prog_compiler_pic='-fPIC -DPIC'
lt_cv_prog_compiler_pic_works=yes
lt_cv_prog_compiler_rtti_exceptions=no
lt_cv_prog_compiler_static_works=yes
lt_cv_prog_gnu_ld=yes
lt_cv_sharedlib_from_linklib_cmd='printf %s\n'
lt_cv_shlibpath_overrides_runpath=yes
lt_cv_sys_global_symbol_pipe='/usr/bin/sed -n -e '\''s/^.*[	 ]\([ABCDGIRSTW][ABCDGIRSTW]*\)[	 ][	 ]*\([_A-Za-z][_A-Za-z0-9]*\)$/\1 \2 \2/p'\'' | /usr/bin/sed '\''/ __gnu_lto/d'\'''
lt_cv_sys_global_symbol_to_c_name_address='/usr/bin/sed -n -e '\''s/^: \(.*\) .*$/  {"\1", (void *) 0},/p'\'' -e '\''s/^[ABCDGIRSTW][ABCDGIRSTW]* .* \(.*\)$/  {"\1", (void *) \&\1},/p'\'''
lt_cv_sys_global_symbol_to_c_name_address_lib_prefix='/usr/bin/sed -n -e '\''s/^: \(.*\) .*$/  {"\1", (void *) 0},/p'\'' -e '\''s/^[ABCDGIRSTW][ABCDGIRSTW]* .* \(lib.*\)$/  {"\1", (void *) \&\1},/p'\'' -e '\''s/^[ABCDGIRSTW][ABCDGIRSTW]* .* \(.*\)$/  {"lib\1", (void *) \&\1},/p'\'''
lt_cv_sys_global_symbol_to_cdecl='/usr/bin/sed -n -e '\''s/^T .* \(.*\)$/extern int \1();/p'\'' -e '\''s/^[ABCDGIRSTW][ABCDGIRSTW]* .* \(.*\)$/extern char \1;/p'\'''
lt_cv_sys_global_symbol_to_import=
lt_cv_sys_max_cmd_len=1572864
lt_cv_to_host_file_cmd=func_convert_file_noop
lt_cv_to_tool_file_cmd=func_convert_file_noop
lt_cv_truncate_bin='/usr/bin/dd bs=4096 count=1'

## ----------------- ##
## Output variables. ##
## ----------------- ##

ACLOCAL='${SHELL} '\''/home/fda-tome/syseg/build-aux/missing'\'' aclocal-1.16'
AMDEPBACKSLASH='\'
AMDEP_FALSE='#'
AMDEP_TRUE=''
AMTAR='$${TAR-tar}'
AM_BACKSLASH='\'
AM_DEFAULT_V='$(AM_DEFAULT_VERBOSITY)'
AM_DEFAULT_VERBOSITY='1'
AM_V='$(V)'
AR='ar'
AUTOCONF='${SHELL} '\''/home/fda-tome/syseg/build-aux/missing'\'' autoconf'
AUTOHEADER='${SHELL} '\''/home/fda-tome/syseg/build-aux/missing'\'' autoheader'
AUTOMAKE='${SHELL} '\''/home/fda-tome/syseg/build-aux/missing'\'' automake-1.16'
AWK='gawk'
CC='gcc'
CCDEPMODE='depmode=gcc3'
CFLAGS='-g -O2'
COPYRIGHT_EMAIL='monaco@usp.br'
COPYRIGHT_NAME='Monaco F. J.'
COPYRIGHT_YEAR='2021'
CPP='gcc -E'
CPPFLAGS=''
CPP_FLAGS='-ansi -D_POSIX_C_SOURCE=200809L -Wall -Wextra'
CSCOPE='cscope'
CTAGS='ctags'
CYGPATH_W='echo'
C_FLAGS=''
DEFS='-DHAVE_CONFIG_H'
DEPDIR='.deps'
DLLTOOL='false'
DSYMUTIL=''
DUMPBIN=''
ECHO_C=''
ECHO_N='-n'
ECHO_T=''
EGREP='/usr/bin/grep -E'
ETAGS='etags'
EXEEXT=''
FGREP='/usr/bin/grep -F'
FILECMD=':'
GREP='/usr/bin/grep'
INSTALL_DATA='${INSTALL} -m 644'
INSTALL_PROGRAM='${INSTALL}'
INSTALL_SCRIPT='${INSTALL}'
INSTALL_STRIP_PROGRAM='$(install_sh) -c -s'
LD='/usr/bin/ld'
LDFLAGS=''
LD_FLAGS=''
LIBOBJS=''
LIBS=''
LIBTOOL='$(SHELL) $(top_builddir)/libtool'
LIPO=''
LN_S='ln -s'
LTLIBOBJS=''
LT_SYS_LIBRARY_PATH=''
MAKEINFO='${SHELL} '\''/home/fda-tome/syseg/build-aux/missing'\'' makeinfo'
MANIFEST_TOOL=':'
MKDIR_P='/usr/bin/mkdir -p'
NM='/usr/bin/nm -B'
NMEDIT=''
OBJDUMP='objdump'
OBJEXT='o'
OTOOL64=''
OTOOL=''
PACKAGE='syseg'
PACKAGE_BUGREPORT='monaco@usp.br'
PACKAGE_NAME='SYSeg'
PACKAGE_STRING='SYSeg 1.0.0-beta'
PACKAGE_TARNAME='syseg'
PACKAGE_URL=''
PACKAGE_VERSION='1.0.0-beta'
PATH_SEPARATOR=':'
PTHREAD_CC='gcc'
PTHREAD_CFLAGS='-pthread'
PTHREAD_CXX=''
PTHREAD_LIBS='-lpthread'
RANLIB='ranlib'
SED='/usr/bin/sed'
SET_MAKE=''
SHELL='/bin/sh'
STRIP='strip'
VERSION='1.0.0-beta'
ac_ct_AR='ar'
ac_ct_CC='gcc'
ac_ct_DUMPBIN=''
am__EXEEXT_FALSE=''
am__EXEEXT_TRUE='#'
am__fastdepCC_FALSE='#'
am__fastdepCC_TRUE=''
am__include='include'
am__isrc=''
am__leading_dot='.'
am__nodep='_no'
am__quote=''
am__tar='$${TAR-tar} chof - "$$tardir"'
am__untar='$${TAR-tar} xf -'
ax_pthread_config=''
bindir='${exec_prefix}/bin'
build='x86_64-pc-linux-gnu'
build_alias=''
build_cpu='x86_64'
build_os='linux-gnu'
build_vendor='pc'
datadir='${datarootdir}'
datarootdir='${prefix}/share'
docdir='${datarootdir}/doc/${PACKAGE_TARNAME}'
dvidir='${docdir}'
exec_prefix='${prefix}'
has_Bash='yes'
has_Git='yes'
has_m4='yes'
has_meld='yes'
has_nasm='yes'
has_objdump='yes'
has_pipx='yes'
has_qemu='yes'
has_readelf='yes'
has_xorriso='yes'
host='x86_64-pc-linux-gnu'
host_alias=''
host_cpu='x86_64'
host_os='linux-gnu'
host_vendor='pc'
htmldir='${docdir}'
includedir='${prefix}/include'
infodir='${datarootdir}/info'
install_sh='${SHELL} /home/fda-tome/syseg/build-aux/install-sh'
libdir='${exec_prefix}/lib'
libexecdir='${exec_prefix}/libexec'
localedir='${datarootdir}/locale'
localstatedir='${prefix}/var'
mandir='${datarootdir}/man'
mkdir_p='$(MKDIR_P)'
oldincludedir='/usr/include'
pdfdir='${docdir}'
prefix='/usr/local'
program_transform_name='s,x,x,'
psdir='${docdir}'
runstatedir='${localstatedir}/run'
sbindir='${exec_prefix}/sbin'
sharedstatedir='${prefix}/com'
short_name='syseg'
sysconfdir='${prefix}/etc'
target_alias=''

## ----------- ##
## confdefs.h. ##
## ----------- ##

/* confdefs.h */
#define PACKAGE_NAME "SYSeg"
#define PACKAGE_TARNAME "syseg"
#define PACKAGE_VERSION "1.0.0-beta"
#define PACKAGE_STRING "SYSeg 1.0.0-beta"
#define PACKAGE_BUGREPORT "monaco@usp.br"
#define PACKAGE_URL ""
#define PACKAGE "syseg"
#define VERSION "1.0.0-beta"
#define HAVE_STDIO_H 1
#define HAVE_STDLIB_H 1
#define HAVE_STRING_H 1
#define HAVE_INTTYPES_H 1
#define HAVE_STDINT_H 1
#define HAVE_STRINGS_H 1
#define HAVE_SYS_STAT_H 1
#define HAVE_SYS_TYPES_H 1
#define HAVE_UNISTD_H 1
#define STDC_HEADERS 1
#define HAVE_DLFCN_H 1
#define LT_OBJDIR ".libs/"
#define HAVE_FUNC_ATTRIBUTE_NAKED 1
#define SHORT_NAME syseg
#define HAVE_PTHREAD_PRIO_INHERIT 1
#define HAVE_PTHREAD 1

configure: exit 0

## ---------------------- ##
## Running config.status. ##
## ---------------------- ##

This file was extended by SYSeg config.status 1.0.0-beta, which was
generated by GNU Autoconf 2.72.  Invocation command line was

  CONFIG_FILES    = 
  CONFIG_HEADERS  = 
  CONFIG_LINKS    = 
  CONFIG_COMMANDS = 
  $ ./config.status config.h

on felipe-550xda

config.status:1118: creating config.h
config.status:1299: config.h is unchanged
